


ARM Macro Assembler    Page 1 


    1 00000000         ;
    2 00000000         ;*******************************************************
                       *************************************************
    3 00000000         ;                                                uC/OS-I
                       II
    4 00000000         ;                                          The Real-Time
                        Kernel
    5 00000000         ;
    6 00000000         ;
    7 00000000         ;                         (c) Copyright 2009-2015; Micri
                       um, Inc.; Weston, FL
    8 00000000         ;                    All rights reserved.  Protected by 
                       international copyright laws.
    9 00000000         ;
   10 00000000         ;                                           ARM Cortex-M
                       4 Port
   11 00000000         ;
   12 00000000         ; File      : OS_CPU_A.ASM
   13 00000000         ; Version   : V3.04.05
   14 00000000         ; By        : JJL
   15 00000000         ;             BAN
   16 00000000         ;
   17 00000000         ; For       : ARMv7 Cortex-M4
   18 00000000         ; Mode      : Thumb-2 ISA
   19 00000000         ; Toolchain : RealView Development Suite
   20 00000000         ;             RealView Microcontroller Development Kit (
                       MDK)
   21 00000000         ;             ARM Developer Suite (ADS)
   22 00000000         ;             Keil uVision
   23 00000000         ;*******************************************************
                       *************************************************
   24 00000000         ;
   25 00000000         
   26 00000000         ;*******************************************************
                       *************************************************
   27 00000000         ;                                          PUBLIC FUNCTI
                       ONS
   28 00000000         ;*******************************************************
                       *************************************************
   29 00000000         
   30 00000000                 IMPORT           OSRunning   ; External referenc
                                                            es
   31 00000000                 IMPORT           OSPrioCur
   32 00000000                 IMPORT           OSPrioHighRdy
   33 00000000                 IMPORT           OSTCBCurPtr
   34 00000000                 IMPORT           OSTCBHighRdyPtr
   35 00000000                 IMPORT           OSIntExit
   36 00000000                 IMPORT           OSTaskSwHook
   37 00000000                 IMPORT           OS_CPU_ExceptStkBase
   38 00000000         
   39 00000000         
   40 00000000                 EXPORT           OSStartHighRdy ; Functions decl
                                                            ared in this file
   41 00000000                 EXPORT           OSCtxSw
   42 00000000                 EXPORT           OSIntCtxSw
   43 00000000                 EXPORT           OS_CPU_PendSVHandler
   44 00000000         
   45 00000000                 IF               {FPU} != "SoftVFP"
   48                          ENDIF



ARM Macro Assembler    Page 2 


   49 00000000         
   50 00000000         
   51 00000000         ;*******************************************************
                       *************************************************
   52 00000000         ;                                               EQUATES
   53 00000000         ;*******************************************************
                       *************************************************
   54 00000000         
   55 00000000 E000ED04 
                       NVIC_INT_CTRL
                               EQU              0xE000ED04  ; Interrupt control
                                                             state register.
   56 00000000 E000ED22 
                       NVIC_SYSPRI14
                               EQU              0xE000ED22  ; System priority r
                                                            egister (priority 1
                                                            4).
   57 00000000 000000FF 
                       NVIC_PENDSV_PRI
                               EQU              0xFF        ; PendSV priority v
                                                            alue (lowest).
   58 00000000 10000000 
                       NVIC_PENDSVSET
                               EQU              0x10000000  ; Value to trigger 
                                                            PendSV exception.
   59 00000000         
   60 00000000         
   61 00000000         ;*******************************************************
                       *************************************************
   62 00000000         ;                                     CODE GENERATION DI
                       RECTIVES
   63 00000000         ;*******************************************************
                       *************************************************
   64 00000000         
   65 00000000                 PRESERVE8
   66 00000000                 THUMB
   67 00000000         
   68 00000000                 AREA             CODE, CODE, READONLY
   69 00000000         
   70 00000000         
   71 00000000         ;*******************************************************
                       *************************************************
   72 00000000         ;                                   FLOATING POINT REGIS
                       TERS PUSH
   73 00000000         ;                             void  OS_CPU_FP_Reg_Push (
                       CPU_STK  *stkPtr)
   74 00000000         ;
   75 00000000         ; Note(s) : 1) This function saves S0-S31, and FPSCR reg
                       isters of the Floating Point Unit.
   76 00000000         ;
   77 00000000         ;           2) Pseudo-code is:
   78 00000000         ;              a) Get FPSCR register value;
   79 00000000         ;              b) Push value on process stack;
   80 00000000         ;              c) Push remaining regs S0-S31 on process 
                       stack;
   81 00000000         ;              d) Update OSTCBCurPtr->StkPtr;
   82 00000000         ;*******************************************************
                       *************************************************
   83 00000000         



ARM Macro Assembler    Page 3 


   84 00000000                 IF               {FPU} != "SoftVFP"
   99                          ENDIF
  100 00000000         
  101 00000000         
  102 00000000         ;*******************************************************
                       *************************************************
  103 00000000         ;                                   FLOATING POINT REGIS
                       TERS POP
  104 00000000         ;                             void  OS_CPU_FP_Reg_Pop (C
                       PU_STK  *stkPtr)
  105 00000000         ;
  106 00000000         ; Note(s) : 1) This function restores S0-S31, and FPSCR 
                       registers of the Floating Point Unit.
  107 00000000         ;
  108 00000000         ;           2) Pseudo-code is:
  109 00000000         ;              a) Restore regs S0-S31 of new process sta
                       ck;
  110 00000000         ;              b) Restore FPSCR reg value
  111 00000000         ;              c) Update OSTCBHighRdyPtr->StkPtr pointer
                        of new proces stack;
  112 00000000         ;*******************************************************
                       *************************************************
  113 00000000         
  114 00000000                 IF               {FPU} != "SoftVFP"
  125                          ENDIF
  126 00000000         
  127 00000000         
  128 00000000         ;*******************************************************
                       *************************************************
  129 00000000         ;                                         START MULTITAS
                       KING
  130 00000000         ;                                      void OSStartHighR
                       dy(void)
  131 00000000         ;
  132 00000000         ; Note(s) : 1) This function triggers a PendSV exception
                        (essentially, causes a context switch) to cause
  133 00000000         ;              the first task to start.
  134 00000000         ;
  135 00000000         ;           2) OSStartHighRdy() MUST:
  136 00000000         ;              a) Setup PendSV exception priority to low
                       est;
  137 00000000         ;              b) Set initial PSP to 0, to tell context 
                       switcher this is first run;
  138 00000000         ;              c) Set the main stack to OS_CPU_ExceptStk
                       Base
  139 00000000         ;              d) Trigger PendSV exception;
  140 00000000         ;              e) Enable interrupts (tasks will run with
                        interrupts enabled).
  141 00000000         ;*******************************************************
                       *************************************************
  142 00000000         
  143 00000000         OSStartHighRdy
  144 00000000 B672            CPSID            I           ; Prevent interrupt
                                                            ion during context 
                                                            switch
  145 00000002 F64E 5022 
              F2CE 0000        MOV32            R0, NVIC_SYSPRI14 ; Set the Pen
                                                            dSV exception prior
                                                            ity



ARM Macro Assembler    Page 4 


  146 0000000A F240 01FF 
              F2C0 0100        MOV32            R1, NVIC_PENDSV_PRI
  147 00000012 7001            STRB             R1, [R0]
  148 00000014         
  149 00000014 F04F 0000       MOV              R0, #0
  150 00000018 F380 8809       MSR              PSP, R0
  151 0000001C F7FF FFFE       BL               OSTaskSwHook ; Call OSTaskSwHoo
                                                            k for FPU Pop
  152 00000020         
  153 00000020 F240 0000 
              F2C0 0000        MOV32            R0, OS_CPU_ExceptStkBase ; Init
                                                            ialize the MSP to t
                                                            he OS_CPU_ExceptStk
                                                            Base
  154 00000028 6801            LDR              R1, [R0]
  155 0000002A F381 8808       MSR              MSP, R1
  156 0000002E         
  157 0000002E F240 0000 
              F2C0 0000        MOV32            R0, OSPrioCur ; OSPrioCur   = O
                                                            SPrioHighRdy;
  158 00000036 F240 0100 
              F2C0 0100        MOV32            R1, OSPrioHighRdy
  159 0000003E 780A            LDRB             R2, [R1]
  160 00000040 7002            STRB             R2, [R0]
  161 00000042         
  162 00000042 F240 0500 
              F2C0 0500        MOV32            R5, OSTCBCurPtr
  163 0000004A F240 0100 
              F2C0 0100        MOV32            R1, OSTCBHighRdyPtr ; OSTCBCurP
                                                            tr = OSTCBHighRdyPt
                                                            r;
  164 00000052 680A            LDR              R2, [R1]
  165 00000054 602A            STR              R2, [R5]
  166 00000056         
  167 00000056 6810            LDR              R0, [R2]    ; R0 is new process
                                                             SP; SP = OSTCBHigh
                                                            RdyPtr->StkPtr;
  168 00000058 F380 8809       MSR              PSP, R0     ; Load PSP with new
                                                             process SP
  169 0000005C         
  170 0000005C F3EF 8014       MRS              R0, CONTROL
  171 00000060 F040 0002       ORR              R0, R0, #2
  172 00000064 F380 8814       MSR              CONTROL, R0
  173 00000068 F3BF 8F6F       ISB                          ; Sync instruction 
                                                            stream
  174 0000006C         
  175 0000006C E8BD 0FF0       LDMFD            SP!, {R4-R11} ; Restore r4-11 f
                                                            rom new process sta
                                                            ck
  176 00000070 BC0F            LDMFD            SP!, {R0-R3} ; Restore r0, r3
  177 00000072 E8BD 5000       LDMFD            SP!, {R12, LR} 
                                                            ; Load R12 and LR
  178 00000076 BC06            LDMFD            SP!, {R1, R2} ; Load PC and dis
                                                            card xPSR
  179 00000078 B662            CPSIE            I
  180 0000007A 4708            BX               R1
  181 0000007C         
  182 0000007C         
  183 0000007C         ;*******************************************************



ARM Macro Assembler    Page 5 


                       *************************************************
  184 0000007C         ;                       PERFORM A CONTEXT SWITCH (From t
                       ask level) - OSCtxSw()
  185 0000007C         ;
  186 0000007C         ; Note(s) : 1) OSCtxSw() is called when OS wants to perf
                       orm a task context switch.  This function
  187 0000007C         ;              triggers the PendSV exception which is wh
                       ere the real work is done.
  188 0000007C         ;*******************************************************
                       *************************************************
  189 0000007C         
  190 0000007C         OSCtxSw
  191 0000007C 4818            LDR              R0, =NVIC_INT_CTRL ; Trigger th
                                                            e PendSV exception 
                                                            (causes context swi
                                                            tch)
  192 0000007E F04F 5180       LDR              R1, =NVIC_PENDSVSET
  193 00000082 6001            STR              R1, [R0]
  194 00000084 4770            BX               LR
  195 00000086         
  196 00000086         
  197 00000086         ;*******************************************************
                       *************************************************
  198 00000086         ;                   PERFORM A CONTEXT SWITCH (From inter
                       rupt level) - OSIntCtxSw()
  199 00000086         ;
  200 00000086         ; Note(s) : 1) OSIntCtxSw() is called by OSIntExit() whe
                       n it determines a context switch is needed as
  201 00000086         ;              the result of an interrupt.  This functio
                       n simply triggers a PendSV exception which will
  202 00000086         ;              be handled when there are no more interru
                       pts active and interrupts are enabled.
  203 00000086         ;*******************************************************
                       *************************************************
  204 00000086         
  205 00000086         OSIntCtxSw
  206 00000086 4816            LDR              R0, =NVIC_INT_CTRL ; Trigger th
                                                            e PendSV exception 
                                                            (causes context swi
                                                            tch)
  207 00000088 F04F 5180       LDR              R1, =NVIC_PENDSVSET
  208 0000008C 6001            STR              R1, [R0]
  209 0000008E 4770            BX               LR
  210 00000090         
  211 00000090         
  212 00000090         ;*******************************************************
                       *************************************************
  213 00000090         ;                                       HANDLE PendSV EX
                       CEPTION
  214 00000090         ;                                   void OS_CPU_PendSVHa
                       ndler(void)
  215 00000090         ;
  216 00000090         ; Note(s) : 1) PendSV is used to cause a context switch.
                         This is a recommended method for performing
  217 00000090         ;              context switches with Cortex-M3.  This is
                        because the Cortex-M3 auto-saves half of the
  218 00000090         ;              processor context on any exception, and r
                       estores same on return from exception.  So only
  219 00000090         ;              saving of R4-R11 is required and fixing u



ARM Macro Assembler    Page 6 


                       p the stack pointers.  Using the PendSV exception
  220 00000090         ;              this way means that context saving and re
                       storing is identical whether it is initiated from
  221 00000090         ;              a thread or occurs due to an interrupt or
                        exception.
  222 00000090         ;
  223 00000090         ;           2) Pseudo-code is:
  224 00000090         ;              a) Get the process SP, if 0 then skip (go
                       to d) the saving part (first context switch);
  225 00000090         ;              b) Save remaining regs r4-r11 on process 
                       stack;
  226 00000090         ;              c) Save the process SP in its TCB, OSTCBC
                       urPtr->OSTCBStkPtr = SP;
  227 00000090         ;              d) Call OSTaskSwHook();
  228 00000090         ;              e) Get current high priority, OSPrioCur =
                        OSPrioHighRdy;
  229 00000090         ;              f) Get current ready thread TCB, OSTCBCur
                       Ptr = OSTCBHighRdyPtr;
  230 00000090         ;              g) Get new process SP from TCB, SP = OSTC
                       BHighRdyPtr->OSTCBStkPtr;
  231 00000090         ;              h) Restore R4-R11 from new process stack;
                       
  232 00000090         ;              i) Perform exception return which will re
                       store remaining context.
  233 00000090         ;
  234 00000090         ;           3) On entry into PendSV handler:
  235 00000090         ;              a) The following have been saved on the p
                       rocess stack (by processor):
  236 00000090         ;                 xPSR, PC, LR, R12, R0-R3
  237 00000090         ;              b) Processor mode is switched to Handler 
                       mode (from Thread mode)
  238 00000090         ;              c) Stack is Main stack (switched from Pro
                       cess stack)
  239 00000090         ;              d) OSTCBCurPtr      points to the OS_TCB 
                       of the task to suspend
  240 00000090         ;                 OSTCBHighRdyPtr  points to the OS_TCB 
                       of the task to resume
  241 00000090         ;
  242 00000090         ;           4) Since PendSV is set to lowest priority in
                        the system (by OSStartHighRdy() above), we
  243 00000090         ;              know that it will only be run when no oth
                       er exception or interrupt is active, and
  244 00000090         ;              therefore safe to assume that context bei
                       ng switched out was using the process stack (PSP).
  245 00000090         ;*******************************************************
                       *************************************************
  246 00000090         
  247 00000090         OS_CPU_PendSVHandler
  248 00000090 B672            CPSID            I           ; Prevent interrupt
                                                            ion during context 
                                                            switch
  249 00000092 F3EF 8009       MRS              R0, PSP     ; PSP is process st
                                                            ack pointer
  250 00000096 E920 0FF0       STMFD            R0!, {R4-R11} ; Save remaining 
                                                            regs r4-11 on proce
                                                            ss stack
  251 0000009A         
  252 0000009A F240 0500 
              F2C0 0500        MOV32            R5, OSTCBCurPtr ; OSTCBCurPtr->



ARM Macro Assembler    Page 7 


                                                            OSTCBStkPtr = SP;
  253 000000A2 682E            LDR              R6, [R5]
  254 000000A4 6030            STR              R0, [R6]    ; R0 is SP of proce
                                                            ss being switched o
                                                            ut
  255 000000A6         
  256 000000A6         ; At this point, entire context of process has been save
                       d
  257 000000A6 4674            MOV              R4, LR      ; Save LR exc_retur
                                                            n value
  258 000000A8 F7FF FFFE       BL               OSTaskSwHook ; OSTaskSwHook();
  259 000000AC         
  260 000000AC F240 0000 
              F2C0 0000        MOV32            R0, OSPrioCur ; OSPrioCur   = O
                                                            SPrioHighRdy;
  261 000000B4 F240 0100 
              F2C0 0100        MOV32            R1, OSPrioHighRdy
  262 000000BC 780A            LDRB             R2, [R1]
  263 000000BE 7002            STRB             R2, [R0]
  264 000000C0         
  265 000000C0 F240 0100 
              F2C0 0100        MOV32            R1, OSTCBHighRdyPtr ; OSTCBCurP
                                                            tr = OSTCBHighRdyPt
                                                            r;
  266 000000C8 680A            LDR              R2, [R1]
  267 000000CA 602A            STR              R2, [R5]
  268 000000CC         
  269 000000CC F044 0EF4       ORR              LR, R4, #0xF4 ; Ensure exceptio
                                                            n return uses proce
                                                            ss stack
  270 000000D0 6810            LDR              R0, [R2]    ; R0 is new process
                                                             SP; SP = OSTCBHigh
                                                            RdyPtr->StkPtr;
  271 000000D2 E8B0 0FF0       LDMFD            R0!, {R4-R11} ; Restore r4-11 f
                                                            rom new process sta
                                                            ck
  272 000000D6 F380 8809       MSR              PSP, R0     ; Load PSP with new
                                                             process SP
  273 000000DA B662            CPSIE            I
  274 000000DC 4770            BX               LR          ; Exception return 
                                                            will restore remain
                                                            ing context
  275 000000DE         
  276 000000DE 00 00           ALIGN
  277 000000E0         
  278 000000E0                 END
              E000ED04 
Command Line: --debug --xref --diag_suppress=9931 --cpu=Cortex-M4 --apcs=interw
ork --depend=..\..\output\os_cpu_a.d -o..\..\output\os_cpu_a.o -IE:\¥˙¬Îπ‹¿Ì\Pr
oject\00Keil\06STM32F429-UCOSIII-LWIP-FATS\Project\RVMDK(uv5)\RTE -ID:\Keil_v5\
ARM\PACK\Keil\STM32F4xx_DFP\2.11.0\Drivers\CMSIS\Device\ST\STM32F4xx\Include -I
D:\Keil_v5\ARM\CMSIS\Include --predefine="__MICROLIB SETA 1" --predefine="__UVI
SION_VERSION SETA 521" --predefine="STM32F429xx SETA 1" --list=..\..\listing\os
_cpu_a.lst ..\..\uCOS_III\uCOS-III\Ports\os_cpu_a.asm



ARM Macro Assembler    Page 1 Alphabetic symbol ordering
Relocatable symbols

CODE 00000000

Symbol: CODE
   Definitions
      At line 68 in file ..\..\uCOS_III\uCOS-III\Ports\os_cpu_a.asm
   Uses
      None
Comment: CODE unused
OSCtxSw 0000007C

Symbol: OSCtxSw
   Definitions
      At line 190 in file ..\..\uCOS_III\uCOS-III\Ports\os_cpu_a.asm
   Uses
      At line 41 in file ..\..\uCOS_III\uCOS-III\Ports\os_cpu_a.asm
Comment: OSCtxSw used once
OSIntCtxSw 00000086

Symbol: OSIntCtxSw
   Definitions
      At line 205 in file ..\..\uCOS_III\uCOS-III\Ports\os_cpu_a.asm
   Uses
      At line 42 in file ..\..\uCOS_III\uCOS-III\Ports\os_cpu_a.asm
Comment: OSIntCtxSw used once
OSStartHighRdy 00000000

Symbol: OSStartHighRdy
   Definitions
      At line 143 in file ..\..\uCOS_III\uCOS-III\Ports\os_cpu_a.asm
   Uses
      At line 40 in file ..\..\uCOS_III\uCOS-III\Ports\os_cpu_a.asm
Comment: OSStartHighRdy used once
OS_CPU_PendSVHandler 00000090

Symbol: OS_CPU_PendSVHandler
   Definitions
      At line 247 in file ..\..\uCOS_III\uCOS-III\Ports\os_cpu_a.asm
   Uses
      At line 43 in file ..\..\uCOS_III\uCOS-III\Ports\os_cpu_a.asm
Comment: OS_CPU_PendSVHandler used once
5 symbols



ARM Macro Assembler    Page 1 Alphabetic symbol ordering
Absolute symbols

NVIC_INT_CTRL E000ED04

Symbol: NVIC_INT_CTRL
   Definitions
      At line 55 in file ..\..\uCOS_III\uCOS-III\Ports\os_cpu_a.asm
   Uses
      At line 191 in file ..\..\uCOS_III\uCOS-III\Ports\os_cpu_a.asm
      At line 206 in file ..\..\uCOS_III\uCOS-III\Ports\os_cpu_a.asm

NVIC_PENDSVSET 10000000

Symbol: NVIC_PENDSVSET
   Definitions
      At line 58 in file ..\..\uCOS_III\uCOS-III\Ports\os_cpu_a.asm
   Uses
      At line 192 in file ..\..\uCOS_III\uCOS-III\Ports\os_cpu_a.asm
      At line 207 in file ..\..\uCOS_III\uCOS-III\Ports\os_cpu_a.asm

NVIC_PENDSV_PRI 000000FF

Symbol: NVIC_PENDSV_PRI
   Definitions
      At line 57 in file ..\..\uCOS_III\uCOS-III\Ports\os_cpu_a.asm
   Uses
      At line 146 in file ..\..\uCOS_III\uCOS-III\Ports\os_cpu_a.asm
Comment: NVIC_PENDSV_PRI used once
NVIC_SYSPRI14 E000ED22

Symbol: NVIC_SYSPRI14
   Definitions
      At line 56 in file ..\..\uCOS_III\uCOS-III\Ports\os_cpu_a.asm
   Uses
      At line 145 in file ..\..\uCOS_III\uCOS-III\Ports\os_cpu_a.asm
Comment: NVIC_SYSPRI14 used once
4 symbols



ARM Macro Assembler    Page 1 Alphabetic symbol ordering
External symbols

OSIntExit 00000000

Symbol: OSIntExit
   Definitions
      At line 35 in file ..\..\uCOS_III\uCOS-III\Ports\os_cpu_a.asm
   Uses
      None
Comment: OSIntExit unused
OSPrioCur 00000000

Symbol: OSPrioCur
   Definitions
      At line 31 in file ..\..\uCOS_III\uCOS-III\Ports\os_cpu_a.asm
   Uses
      At line 157 in file ..\..\uCOS_III\uCOS-III\Ports\os_cpu_a.asm
      At line 260 in file ..\..\uCOS_III\uCOS-III\Ports\os_cpu_a.asm

OSPrioHighRdy 00000000

Symbol: OSPrioHighRdy
   Definitions
      At line 32 in file ..\..\uCOS_III\uCOS-III\Ports\os_cpu_a.asm
   Uses
      At line 158 in file ..\..\uCOS_III\uCOS-III\Ports\os_cpu_a.asm
      At line 261 in file ..\..\uCOS_III\uCOS-III\Ports\os_cpu_a.asm

OSRunning 00000000

Symbol: OSRunning
   Definitions
      At line 30 in file ..\..\uCOS_III\uCOS-III\Ports\os_cpu_a.asm
   Uses
      None
Comment: OSRunning unused
OSTCBCurPtr 00000000

Symbol: OSTCBCurPtr
   Definitions
      At line 33 in file ..\..\uCOS_III\uCOS-III\Ports\os_cpu_a.asm
   Uses
      At line 162 in file ..\..\uCOS_III\uCOS-III\Ports\os_cpu_a.asm
      At line 252 in file ..\..\uCOS_III\uCOS-III\Ports\os_cpu_a.asm

OSTCBHighRdyPtr 00000000

Symbol: OSTCBHighRdyPtr
   Definitions
      At line 34 in file ..\..\uCOS_III\uCOS-III\Ports\os_cpu_a.asm
   Uses
      At line 163 in file ..\..\uCOS_III\uCOS-III\Ports\os_cpu_a.asm
      At line 265 in file ..\..\uCOS_III\uCOS-III\Ports\os_cpu_a.asm

OSTaskSwHook 00000000

Symbol: OSTaskSwHook
   Definitions
      At line 36 in file ..\..\uCOS_III\uCOS-III\Ports\os_cpu_a.asm
   Uses
      At line 151 in file ..\..\uCOS_III\uCOS-III\Ports\os_cpu_a.asm



ARM Macro Assembler    Page 2 Alphabetic symbol ordering
External symbols

      At line 258 in file ..\..\uCOS_III\uCOS-III\Ports\os_cpu_a.asm

OS_CPU_ExceptStkBase 00000000

Symbol: OS_CPU_ExceptStkBase
   Definitions
      At line 37 in file ..\..\uCOS_III\uCOS-III\Ports\os_cpu_a.asm
   Uses
      At line 153 in file ..\..\uCOS_III\uCOS-III\Ports\os_cpu_a.asm
Comment: OS_CPU_ExceptStkBase used once
8 symbols
352 symbols in table
